{"level":"info","message":"Newsletter sending in TEST MODE","testEmail":"treseibert3@gmail.com","timestamp":"2026-01-03T02:57:29.299Z"}
{"email":"treseibert3@gmail.com","error":"Failed to send email via Zoho Mail API","level":"error","message":"Error sending newsletter to subscriber","timestamp":"2026-01-03T02:57:30.065Z"}
{"failed":1,"level":"info","message":"Newsletter sending completed","successful":0,"testMode":true,"timestamp":"2026-01-03T02:57:30.066Z","total":1}
{"level":"info","message":"Newsletter sending in TEST MODE","testEmail":"treseibert3@gmail.com","timestamp":"2026-01-03T02:58:54.261Z"}
{"email":"treseibert3@gmail.com","level":"info","message":"Newsletter sent successfully","timestamp":"2026-01-03T02:58:55.329Z"}
{"failed":0,"level":"info","message":"Newsletter sending completed","successful":1,"testMode":true,"timestamp":"2026-01-03T02:58:55.330Z","total":1}
{"level":"info","message":"Newsletter sending in TEST MODE","testEmail":"treseibert3@gmail.com","timestamp":"2026-01-03T03:03:04.053Z"}
{"email":"treseibert3@gmail.com","level":"info","message":"Newsletter sent successfully","timestamp":"2026-01-03T03:03:05.066Z"}
{"failed":0,"level":"info","message":"Newsletter sending completed","successful":1,"testMode":true,"timestamp":"2026-01-03T03:03:05.067Z","total":1}
{"level":"info","message":"Newsletter sending in TEST MODE","testEmail":"treseibert3@gmail.com","timestamp":"2026-01-03T03:06:52.878Z"}
{"email":"treseibert3@gmail.com","level":"info","message":"Newsletter sent successfully","timestamp":"2026-01-03T03:06:53.902Z"}
{"failed":0,"level":"info","message":"Newsletter sending completed","successful":1,"testMode":true,"timestamp":"2026-01-03T03:06:53.903Z","total":1}
{"level":"info","message":"Newsletter sending in TEST MODE","testEmail":"treseibert3@gmail.com","timestamp":"2026-01-03T03:20:25.986Z"}
{"email":"treseibert3@gmail.com","level":"info","message":"Newsletter sent successfully","timestamp":"2026-01-03T03:20:26.847Z"}
{"failed":0,"level":"info","message":"Newsletter sending completed","successful":1,"testMode":true,"timestamp":"2026-01-03T03:20:26.848Z","total":1}
{"level":"info","message":"410 Gone returned for old public URL","timestamp":"2026-01-06T00:56:12.796Z","url":"/public/contract-tempalte.html"}
{"bodyKeys":["subscriptionId","client_name","client_email","client_phone","business_name","business_address","plan_type","start_date"],"hasClientEmail":true,"hasClientName":true,"hasPlanType":true,"hasSubscriptionId":true,"level":"info","message":"Contract submission request received","requestId":"req-1767667466145-hd7sp0l8h","timestamp":"2026-01-06T02:44:26.146Z"}
{"client_email":"***","client_name":"Tre Seibert","client_phone":"***","has_business_name":false,"has_start_date":true,"level":"info","message":"Parsed request body","plan_type":"monthly","requestId":"req-1767667466145-hd7sp0l8h","subscriptionId":"sub-1767667466137-df0z3qnn0","timestamp":"2026-01-06T02:44:26.147Z"}
{"level":"info","message":"Reading contract template","requestId":"req-1767667466145-hd7sp0l8h","templatePath":"E:\\FishtownWebDesign\\public\\contract-template.html","timestamp":"2026-01-06T02:44:26.147Z"}
{"duration":"1ms","level":"info","message":"Template read complete","requestId":"req-1767667466145-hd7sp0l8h","sizeKB":"61.83","timestamp":"2026-01-06T02:44:26.148Z"}
{"level":"info","message":"Starting HTML cleaning","requestId":"req-1767667466145-hd7sp0l8h","timestamp":"2026-01-06T02:44:26.161Z"}
{"dateFieldCount":3,"duration":"3ms","hasDateField":true,"hasSignatureField":true,"hasTextField":true,"level":"info","message":"HTML cleaning complete","requestId":"req-1767667466145-hd7sp0l8h","scriptsRemoved":1,"signatureFieldCount":15,"sizeKB":"42.17","textFieldCount":3,"timestamp":"2026-01-06T02:44:26.164Z"}
{"documentsCount":1,"endpoint":"https://api.docuseal.co/submissions/html","level":"info","message":"Calling DocuSeal API","payloadSizeKB":"44.34","requestId":"req-1767667466145-hd7sp0l8h","submittersCount":2,"timeout":"120s","timestamp":"2026-01-06T02:44:26.165Z"}
{"duration":"664ms","hasData":true,"level":"info","message":"DocuSeal API response received","requestId":"req-1767667466145-hd7sp0l8h","responseKeys":["id","name","submitters","source","submitters_order","status","schema","fields","expire_at","created_at"],"status":200,"timestamp":"2026-01-06T02:44:26.830Z"}
{"level":"info","message":"Processing DocuSeal response","requestId":"req-1767667466145-hd7sp0l8h","responseStructure":["id","name","submitters","source","submitters_order","status","schema","fields","expire_at","created_at"],"submissionId":4955629,"submitters":[{"email":"***","hasSlug":true,"hasUrl":false,"role":"First Party","status":"sent"}],"submittersCount":1,"timestamp":"2026-01-06T02:44:26.830Z"}
{"clientSubmitterRole":"First Party","clientSubmitterStatus":"sent","hasSigningUrl":false,"level":"info","message":"Extracted signing information","requestId":"req-1767667466145-hd7sp0l8h","signingUrl":null,"submissionId":4955629,"timestamp":"2026-01-06T02:44:26.830Z"}
{"level":"error","message":"Invalid DocuSeal response structure","response":{"created_at":"2026-01-06T02:44:26.465Z","expire_at":null,"fields":[{"areas":[],"name":"Client Signature","preferences":{"format":"drawn_or_typed"},"required":true,"submitter_uuid":"460950d5-4e67-4909-9f71-5ccab4aedbed","type":"signature","uuid":"836d4654-9242-4fbf-b245-067cd1b94163"},{"areas":[],"name":"Client Printed Name","required":true,"submitter_uuid":"460950d5-4e67-4909-9f71-5ccab4aedbed","type":"text","uuid":"27e65571-29f0-447a-a13d-64850a307a69"},{"areas":[],"name":"Client Signature Date","required":true,"submitter_uuid":"460950d5-4e67-4909-9f71-5ccab4aedbed","type":"date","uuid":"75c65ef1-a52b-4ace-ba46-fe89cfc62796"}],"id":4955629,"name":"Web Design Service Agreement - Tre Seibert","schema":[{"attachment_uuid":"b050cf3b-1f59-4f97-848b-0963fae1607b","name":"Website Development Service Agreement"}],"source":"api","status":"pending","submitters":[{"application_key":null,"completed_at":null,"created_at":"2026-01-06T02:44:26.468Z","declined_at":null,"email":"treseibert3@gmail.com","embed_src":"https://docuseal.com/s/JRxk7jfGoHGhoP","external_id":null,"id":6581682,"metadata":{},"name":"Tre Seibert","opened_at":null,"phone":null,"preferences":{"send_email":true,"send_sms":false},"role":"First Party","sent_at":"2026-01-06T02:44:26.464Z","slug":"JRxk7jfGoHGhoP","status":"sent","submission_id":4955629,"updated_at":"2026-01-06T02:44:26.468Z","uuid":"460950d5-4e67-4909-9f71-5ccab4aedbed","values":[]}],"submitters_order":"preserved"},"timestamp":"2026-01-06T02:44:26.831Z"}
{"bodyKeys":["subscriptionId","client_name","client_email","client_phone","business_name","business_address","plan_type","start_date"],"hasClientEmail":true,"hasClientName":true,"hasPlanType":true,"hasSubscriptionId":true,"level":"info","message":"Contract submission request received","requestId":"req-1767667591448-p1xotbrkp","timestamp":"2026-01-06T02:46:31.448Z"}
{"client_email":"***","client_name":"George Seibert","client_phone":"***","has_business_name":false,"has_start_date":true,"level":"info","message":"Parsed request body","plan_type":"monthly","requestId":"req-1767667591448-p1xotbrkp","subscriptionId":"sub-1767667591439-80i7sicl3","timestamp":"2026-01-06T02:46:31.449Z"}
{"level":"info","message":"Reading contract template","requestId":"req-1767667591448-p1xotbrkp","templatePath":"E:\\FishtownWebDesign\\public\\contract-template.html","timestamp":"2026-01-06T02:46:31.450Z"}
{"duration":"1ms","level":"info","message":"Template read complete","requestId":"req-1767667591448-p1xotbrkp","sizeKB":"61.83","timestamp":"2026-01-06T02:46:31.451Z"}
{"level":"info","message":"Starting HTML cleaning","requestId":"req-1767667591448-p1xotbrkp","timestamp":"2026-01-06T02:46:31.463Z"}
{"dateFieldCount":3,"duration":"1ms","hasDateField":true,"hasSignatureField":true,"hasTextField":true,"level":"info","message":"HTML cleaning complete","requestId":"req-1767667591448-p1xotbrkp","scriptsRemoved":1,"signatureFieldCount":15,"sizeKB":"42.17","textFieldCount":3,"timestamp":"2026-01-06T02:46:31.465Z"}
{"documentsCount":1,"endpoint":"https://api.docuseal.co/submissions/html","level":"info","message":"Calling DocuSeal API","payloadSizeKB":"44.36","requestId":"req-1767667591448-p1xotbrkp","submittersCount":2,"timeout":"120s","timestamp":"2026-01-06T02:46:31.465Z"}
{"duration":"597ms","hasData":true,"level":"info","message":"DocuSeal API response received","requestId":"req-1767667591448-p1xotbrkp","responseKeys":["id","name","submitters","source","submitters_order","status","schema","fields","expire_at","created_at"],"status":200,"timestamp":"2026-01-06T02:46:32.062Z"}
{"level":"info","message":"Processing DocuSeal response","requestId":"req-1767667591448-p1xotbrkp","responseStructure":["id","name","submitters","source","submitters_order","status","schema","fields","expire_at","created_at"],"submissionId":4955644,"submitters":[{"email":"***","hasSlug":true,"hasUrl":false,"role":"First Party","status":"sent"}],"submittersCount":1,"timestamp":"2026-01-06T02:46:32.062Z"}
{"clientSubmitterRole":"First Party","clientSubmitterStatus":"sent","hasSigningUrl":true,"level":"info","message":"Extracted signing information","requestId":"req-1767667591448-p1xotbrkp","signingUrl":"***","submissionId":4955644,"timestamp":"2026-01-06T02:46:32.063Z"}
{"bodyKeys":["subscriptionId","client_name","client_email","client_phone","business_name","business_address","plan_type","start_date"],"error":"connect ECONNREFUSED ::1:3306","errorCode":"ECONNREFUSED","errorName":"Error","level":"error","message":"Error creating contract submission","requestId":"req-1767667591448-p1xotbrkp","stack":"Error: connect ECONNREFUSED ::1:3306\n    at TCPConnectWrap.afterConnect [as oncomplete] (node:net:1615:16)","timestamp":"2026-01-06T02:46:32.064Z","totalDuration":"616ms"}
{"bodyKeys":["subscriptionId","client_name","client_email","client_phone","business_name","business_address","plan_type","start_date"],"hasClientEmail":true,"hasClientName":true,"hasPlanType":true,"hasSubscriptionId":true,"level":"info","message":"Contract submission request received","requestId":"req-1767667891967-62nzuyfm3","timestamp":"2026-01-06T02:51:31.968Z"}
{"client_email":"***","client_name":"George A Seibert III","client_phone":"***","has_business_name":true,"has_start_date":true,"level":"info","message":"Parsed request body","plan_type":"monthly","requestId":"req-1767667891967-62nzuyfm3","subscriptionId":"sub-1767667891959-7gkrkyww2","timestamp":"2026-01-06T02:51:31.969Z"}
{"level":"info","message":"Reading contract template","requestId":"req-1767667891967-62nzuyfm3","templatePath":"E:\\FishtownWebDesign\\public\\contract-template.html","timestamp":"2026-01-06T02:51:31.969Z"}
{"duration":"1ms","level":"info","message":"Template read complete","requestId":"req-1767667891967-62nzuyfm3","sizeKB":"61.83","timestamp":"2026-01-06T02:51:31.970Z"}
{"level":"info","message":"Starting HTML cleaning","requestId":"req-1767667891967-62nzuyfm3","timestamp":"2026-01-06T02:51:31.983Z"}
{"dateFieldCount":3,"duration":"2ms","hasDateField":true,"hasSignatureField":true,"hasTextField":true,"level":"info","message":"HTML cleaning complete","requestId":"req-1767667891967-62nzuyfm3","scriptsRemoved":1,"signatureFieldCount":15,"sizeKB":"42.18","textFieldCount":3,"timestamp":"2026-01-06T02:51:31.985Z"}
{"documentsCount":1,"endpoint":"https://api.docuseal.co/submissions/html","level":"info","message":"Calling DocuSeal API","payloadSizeKB":"44.41","requestId":"req-1767667891967-62nzuyfm3","submittersCount":2,"timeout":"120s","timestamp":"2026-01-06T02:51:31.985Z"}
{"duration":"687ms","hasData":true,"level":"info","message":"DocuSeal API response received","requestId":"req-1767667891967-62nzuyfm3","responseKeys":["id","name","submitters","source","submitters_order","status","schema","fields","expire_at","created_at"],"status":200,"timestamp":"2026-01-06T02:51:32.672Z"}
{"level":"info","message":"Processing DocuSeal response","requestId":"req-1767667891967-62nzuyfm3","responseStructure":["id","name","submitters","source","submitters_order","status","schema","fields","expire_at","created_at"],"submissionId":4955691,"submitters":[{"email":"***","hasSlug":true,"hasUrl":false,"role":"First Party","status":"sent"}],"submittersCount":1,"timestamp":"2026-01-06T02:51:32.673Z"}
{"clientSubmitterRole":"First Party","clientSubmitterStatus":"sent","hasSigningUrl":true,"level":"info","message":"Extracted signing information","requestId":"req-1767667891967-62nzuyfm3","signingUrl":"***","submissionId":4955691,"timestamp":"2026-01-06T02:51:32.673Z"}
{"client_email":"treseibert3@gmail.com","error":"connect ECONNREFUSED ::1:3306","errorCode":"ECONNREFUSED","level":"warn","message":"Database connection failed (non-blocking for testing)","subscriptionId":"sub-1767667891959-7gkrkyww2","timestamp":"2026-01-06T02:51:32.675Z"}
{"bodyKeys":["subscriptionId","client_name","client_email","client_phone","business_name","business_address","plan_type","start_date"],"hasClientEmail":true,"hasClientName":true,"hasPlanType":true,"hasSubscriptionId":true,"level":"info","message":"Contract submission request received","requestId":"req-1767668731227-uhwvjky4g","timestamp":"2026-01-06T03:05:31.227Z"}
{"client_email":"***","client_name":"George A Seibert III","client_phone":"***","has_business_name":true,"has_start_date":true,"level":"info","message":"Parsed request body","plan_type":"monthly","requestId":"req-1767668731227-uhwvjky4g","subscriptionId":"sub-1767668731225-97ke7fl80","timestamp":"2026-01-06T03:05:31.228Z"}
{"level":"info","message":"Reading contract template","requestId":"req-1767668731227-uhwvjky4g","templatePath":"E:\\FishtownWebDesign\\public\\contract-template.html","timestamp":"2026-01-06T03:05:31.228Z"}
{"duration":"1ms","level":"info","message":"Template read complete","requestId":"req-1767668731227-uhwvjky4g","sizeKB":"66.21","timestamp":"2026-01-06T03:05:31.229Z"}
{"level":"info","message":"Starting HTML cleaning","requestId":"req-1767668731227-uhwvjky4g","timestamp":"2026-01-06T03:05:31.229Z"}
{"dateFieldCount":3,"duration":"2ms","hasDateField":true,"hasSignatureField":true,"hasTextField":true,"level":"info","message":"HTML cleaning complete","requestId":"req-1767668731227-uhwvjky4g","scriptsRemoved":1,"signatureFieldCount":15,"sizeKB":"42.18","textFieldCount":3,"timestamp":"2026-01-06T03:05:31.231Z"}
{"documentsCount":1,"endpoint":"https://api.docuseal.co/submissions/html","level":"info","message":"Calling DocuSeal API","payloadSizeKB":"44.41","requestId":"req-1767668731227-uhwvjky4g","submittersCount":2,"timeout":"120s","timestamp":"2026-01-06T03:05:31.231Z"}
{"duration":"615ms","hasData":true,"level":"info","message":"DocuSeal API response received","requestId":"req-1767668731227-uhwvjky4g","responseKeys":["id","name","submitters","source","submitters_order","status","schema","fields","expire_at","created_at"],"status":200,"timestamp":"2026-01-06T03:05:31.846Z"}
{"level":"info","message":"Processing DocuSeal response","requestId":"req-1767668731227-uhwvjky4g","responseStructure":["id","name","submitters","source","submitters_order","status","schema","fields","expire_at","created_at"],"submissionId":4955801,"submitters":[{"email":"***","hasSlug":true,"hasUrl":false,"role":"First Party","status":"sent"}],"submittersCount":1,"timestamp":"2026-01-06T03:05:31.846Z"}
{"clientSubmitterRole":"First Party","clientSubmitterStatus":"sent","hasSigningUrl":true,"level":"info","message":"Extracted signing information","requestId":"req-1767668731227-uhwvjky4g","signingUrl":"***","submissionId":4955801,"timestamp":"2026-01-06T03:05:31.846Z"}
{"client_email":"treseibert3@gmail.com","error":"connect ECONNREFUSED ::1:3306","errorCode":"ECONNREFUSED","level":"warn","message":"Database connection failed (non-blocking for testing)","subscriptionId":"sub-1767668731225-97ke7fl80","timestamp":"2026-01-06T03:05:31.848Z"}
{"bodyKeys":["subscriptionId","client_name","client_email","client_phone","business_name","business_address","plan_type","start_date"],"hasClientEmail":true,"hasClientName":true,"hasPlanType":true,"hasSubscriptionId":true,"level":"info","message":"Contract submission request received","requestId":"req-1767669234167-yzo1ghpfr","timestamp":"2026-01-06T03:13:54.167Z"}
{"client_email":"***","client_name":"George A Seibert III","client_phone":"***","has_business_name":true,"has_start_date":true,"level":"info","message":"Parsed request body","plan_type":"monthly","requestId":"req-1767669234167-yzo1ghpfr","subscriptionId":"sub-1767669234158-zgfxby2ev","timestamp":"2026-01-06T03:13:54.168Z"}
{"level":"info","message":"Reading contract template","requestId":"req-1767669234167-yzo1ghpfr","templatePath":"E:\\FishtownWebDesign\\public\\contract-template.html","timestamp":"2026-01-06T03:13:54.169Z"}
{"duration":"1ms","level":"info","message":"Template read complete","requestId":"req-1767669234167-yzo1ghpfr","sizeKB":"64.54","timestamp":"2026-01-06T03:13:54.170Z"}
{"level":"info","message":"Starting HTML cleaning","requestId":"req-1767669234167-yzo1ghpfr","timestamp":"2026-01-06T03:13:54.183Z"}
{"dateFieldCount":1,"duration":"3ms","hasDateField":true,"hasSignatureField":true,"hasTextField":true,"level":"info","message":"HTML cleaning complete","requestId":"req-1767669234167-yzo1ghpfr","scriptsRemoved":1,"signatureFieldCount":11,"sizeKB":"40.51","textFieldCount":1,"timestamp":"2026-01-06T03:13:54.186Z"}
{"documentsCount":1,"endpoint":"https://api.docuseal.co/submissions/html","level":"info","message":"Calling DocuSeal API","payloadSizeKB":"42.68","requestId":"req-1767669234167-yzo1ghpfr","submittersCount":2,"timeout":"120s","timestamp":"2026-01-06T03:13:54.186Z"}
{"duration":"639ms","hasData":true,"level":"info","message":"DocuSeal API response received","requestId":"req-1767669234167-yzo1ghpfr","responseKeys":["id","name","submitters","source","submitters_order","status","schema","fields","expire_at","created_at"],"status":200,"timestamp":"2026-01-06T03:13:54.826Z"}
{"level":"info","message":"Processing DocuSeal response","requestId":"req-1767669234167-yzo1ghpfr","responseStructure":["id","name","submitters","source","submitters_order","status","schema","fields","expire_at","created_at"],"submissionId":4955853,"submitters":[{"email":"***","hasSlug":true,"hasUrl":false,"role":"First Party","status":"sent"}],"submittersCount":1,"timestamp":"2026-01-06T03:13:54.827Z"}
{"clientSubmitterRole":"First Party","clientSubmitterStatus":"sent","hasSigningUrl":true,"level":"info","message":"Extracted signing information","requestId":"req-1767669234167-yzo1ghpfr","signingUrl":"***","submissionId":4955853,"timestamp":"2026-01-06T03:13:54.827Z"}
{"client_email":"treseibert3@gmail.com","error":"connect ECONNREFUSED ::1:3306","errorCode":"ECONNREFUSED","level":"warn","message":"Database connection failed (non-blocking for testing)","subscriptionId":"sub-1767669234158-zgfxby2ev","timestamp":"2026-01-06T03:13:54.829Z"}
{"bodyKeys":["subscriptionId","client_name","client_email","client_phone","business_name","business_address","plan_type","start_date"],"hasClientEmail":true,"hasClientName":true,"hasPlanType":true,"hasSubscriptionId":true,"level":"info","message":"Contract submission request received","requestId":"req-1767670058973-hmrhdvy79","timestamp":"2026-01-06T03:27:38.974Z"}
{"client_email":"***","client_name":"Tre Seibert","client_phone":"***","has_business_name":false,"has_start_date":true,"level":"info","message":"Parsed request body","plan_type":"monthly","requestId":"req-1767670058973-hmrhdvy79","subscriptionId":"sub-1767670058965-k99wywgk7","timestamp":"2026-01-06T03:27:38.975Z"}
{"level":"info","message":"Reading contract template","requestId":"req-1767670058973-hmrhdvy79","templatePath":"E:\\FishtownWebDesign\\public\\contract-template.html","timestamp":"2026-01-06T03:27:38.975Z"}
{"duration":"2ms","level":"info","message":"Template read complete","requestId":"req-1767670058973-hmrhdvy79","sizeKB":"64.96","timestamp":"2026-01-06T03:27:38.977Z"}
{"level":"info","message":"Starting HTML cleaning","requestId":"req-1767670058973-hmrhdvy79","timestamp":"2026-01-06T03:27:38.988Z"}
{"dateFieldCount":1,"duration":"2ms","hasDateField":true,"hasSignatureField":true,"hasTextField":true,"level":"info","message":"HTML cleaning complete","requestId":"req-1767670058973-hmrhdvy79","scriptsRemoved":1,"signatureFieldCount":11,"sizeKB":"40.50","textFieldCount":1,"timestamp":"2026-01-06T03:27:38.990Z"}
{"documentsCount":1,"endpoint":"https://api.docuseal.co/submissions/html","level":"info","message":"Calling DocuSeal API","payloadSizeKB":"42.62","requestId":"req-1767670058973-hmrhdvy79","submittersCount":2,"timeout":"120s","timestamp":"2026-01-06T03:27:38.991Z"}
{"duration":"622ms","hasData":true,"level":"info","message":"DocuSeal API response received","requestId":"req-1767670058973-hmrhdvy79","responseKeys":["id","name","submitters","source","submitters_order","status","schema","fields","expire_at","created_at"],"status":200,"timestamp":"2026-01-06T03:27:39.613Z"}
{"level":"info","message":"Processing DocuSeal response","requestId":"req-1767670058973-hmrhdvy79","responseStructure":["id","name","submitters","source","submitters_order","status","schema","fields","expire_at","created_at"],"submissionId":4955926,"submitters":[{"email":"***","hasSlug":true,"hasUrl":false,"role":"First Party","status":"sent"}],"submittersCount":1,"timestamp":"2026-01-06T03:27:39.613Z"}
{"clientSubmitterRole":"First Party","clientSubmitterStatus":"sent","hasSigningUrl":true,"level":"info","message":"Extracted signing information","requestId":"req-1767670058973-hmrhdvy79","signingUrl":"***","submissionId":4955926,"timestamp":"2026-01-06T03:27:39.614Z"}
{"client_email":"treseibert3@gmail.com","error":"connect ECONNREFUSED ::1:3306","errorCode":"ECONNREFUSED","level":"warn","message":"Database connection failed (non-blocking for testing)","subscriptionId":"sub-1767670058965-k99wywgk7","timestamp":"2026-01-06T03:27:39.616Z"}
{"bodyKeys":["subscriptionId","client_name","client_email","client_phone","business_name","business_address","plan_type","start_date"],"hasClientEmail":true,"hasClientName":true,"hasPlanType":true,"hasSubscriptionId":true,"level":"info","message":"Contract submission request received","requestId":"req-1767670224513-pzg05eow9","timestamp":"2026-01-06T03:30:24.513Z"}
{"client_email":"***","client_name":"George Seibert","client_phone":"***","has_business_name":false,"has_start_date":true,"level":"info","message":"Parsed request body","plan_type":"monthly","requestId":"req-1767670224513-pzg05eow9","subscriptionId":"sub-1767670224503-etx6aiqoy","timestamp":"2026-01-06T03:30:24.515Z"}
{"level":"info","message":"Reading contract template","requestId":"req-1767670224513-pzg05eow9","templatePath":"E:\\FishtownWebDesign\\public\\contract-template.html","timestamp":"2026-01-06T03:30:24.515Z"}
{"duration":"1ms","level":"info","message":"Template read complete","requestId":"req-1767670224513-pzg05eow9","sizeKB":"64.96","timestamp":"2026-01-06T03:30:24.516Z"}
{"level":"info","message":"Starting HTML cleaning","requestId":"req-1767670224513-pzg05eow9","timestamp":"2026-01-06T03:30:24.528Z"}
{"dateFieldCount":1,"duration":"3ms","hasDateField":true,"hasSignatureField":true,"hasTextField":true,"level":"info","message":"HTML cleaning complete","requestId":"req-1767670224513-pzg05eow9","scriptsRemoved":1,"signatureFieldCount":11,"sizeKB":"40.51","textFieldCount":1,"timestamp":"2026-01-06T03:30:24.531Z"}
{"documentsCount":1,"endpoint":"https://api.docuseal.co/submissions/html","level":"info","message":"Calling DocuSeal API","payloadSizeKB":"42.63","requestId":"req-1767670224513-pzg05eow9","submittersCount":2,"timeout":"120s","timestamp":"2026-01-06T03:30:24.531Z"}
{"duration":"614ms","hasData":true,"level":"info","message":"DocuSeal API response received","requestId":"req-1767670224513-pzg05eow9","responseKeys":["id","name","submitters","source","submitters_order","status","schema","fields","expire_at","created_at"],"status":200,"timestamp":"2026-01-06T03:30:25.146Z"}
{"level":"info","message":"Processing DocuSeal response","requestId":"req-1767670224513-pzg05eow9","responseStructure":["id","name","submitters","source","submitters_order","status","schema","fields","expire_at","created_at"],"submissionId":4955939,"submitters":[{"email":"***","hasSlug":true,"hasUrl":false,"role":"First Party","status":"sent"}],"submittersCount":1,"timestamp":"2026-01-06T03:30:25.147Z"}
{"clientSubmitterRole":"First Party","clientSubmitterStatus":"sent","hasSigningUrl":true,"level":"info","message":"Extracted signing information","requestId":"req-1767670224513-pzg05eow9","signingUrl":"***","submissionId":4955939,"timestamp":"2026-01-06T03:30:25.147Z"}
{"client_email":"treseibert3@gmail.com","error":"connect ECONNREFUSED ::1:3306","errorCode":"ECONNREFUSED","level":"warn","message":"Database connection failed (non-blocking for testing)","subscriptionId":"sub-1767670224503-etx6aiqoy","timestamp":"2026-01-06T03:30:25.149Z"}
{"bodyKeys":["subscriptionId","client_name","client_email","client_phone","business_name","business_address","plan_type","start_date"],"hasClientEmail":true,"hasClientName":true,"hasPlanType":true,"hasSubscriptionId":true,"level":"info","message":"Contract submission request received","requestId":"req-1767670435007-1x3sfwtl7","timestamp":"2026-01-06T03:33:55.008Z"}
{"client_email":"***","client_name":"George A Seibert III","client_phone":"***","has_business_name":true,"has_start_date":true,"level":"info","message":"Parsed request body","plan_type":"monthly","requestId":"req-1767670435007-1x3sfwtl7","subscriptionId":"sub-1767670434997-ivhe4sf67","timestamp":"2026-01-06T03:33:55.009Z"}
{"level":"info","message":"Reading contract template","requestId":"req-1767670435007-1x3sfwtl7","templatePath":"E:\\FishtownWebDesign\\public\\contract-template.html","timestamp":"2026-01-06T03:33:55.010Z"}
{"duration":"1ms","level":"info","message":"Template read complete","requestId":"req-1767670435007-1x3sfwtl7","sizeKB":"66.65","timestamp":"2026-01-06T03:33:55.011Z"}
{"level":"info","message":"Starting HTML cleaning","requestId":"req-1767670435007-1x3sfwtl7","timestamp":"2026-01-06T03:33:55.024Z"}
{"dateFieldCount":3,"duration":"2ms","hasDateField":true,"hasSignatureField":true,"hasTextField":true,"level":"info","message":"HTML cleaning complete","requestId":"req-1767670435007-1x3sfwtl7","scriptsRemoved":1,"signatureFieldCount":15,"sizeKB":"42.21","textFieldCount":3,"timestamp":"2026-01-06T03:33:55.026Z"}
{"documentsCount":1,"endpoint":"https://api.docuseal.co/submissions/html","level":"info","message":"Calling DocuSeal API","payloadSizeKB":"44.44","requestId":"req-1767670435007-1x3sfwtl7","submittersCount":2,"timeout":"120s","timestamp":"2026-01-06T03:33:55.027Z"}
{"duration":"775ms","hasData":true,"level":"info","message":"DocuSeal API response received","requestId":"req-1767670435007-1x3sfwtl7","responseKeys":["id","name","submitters","source","submitters_order","status","schema","fields","expire_at","created_at"],"status":200,"timestamp":"2026-01-06T03:33:55.802Z"}
{"level":"info","message":"Processing DocuSeal response","requestId":"req-1767670435007-1x3sfwtl7","responseStructure":["id","name","submitters","source","submitters_order","status","schema","fields","expire_at","created_at"],"submissionId":4955971,"submitters":[{"email":"***","hasSlug":true,"hasUrl":false,"role":"First Party","status":"sent"}],"submittersCount":1,"timestamp":"2026-01-06T03:33:55.803Z"}
{"clientSubmitterRole":"First Party","clientSubmitterStatus":"sent","hasSigningUrl":true,"level":"info","message":"Extracted signing information","requestId":"req-1767670435007-1x3sfwtl7","signingUrl":"***","submissionId":4955971,"timestamp":"2026-01-06T03:33:55.803Z"}
{"client_email":"treseibert3@gmail.com","error":"connect ECONNREFUSED ::1:3306","errorCode":"ECONNREFUSED","level":"warn","message":"Database connection failed (non-blocking for testing)","subscriptionId":"sub-1767670434997-ivhe4sf67","timestamp":"2026-01-06T03:33:55.805Z"}
{"bodyKeys":["subscriptionId","client_name","client_email","client_phone","business_name","business_address","plan_type","start_date"],"hasClientEmail":true,"hasClientName":true,"hasPlanType":true,"hasSubscriptionId":true,"level":"info","message":"Contract submission request received","requestId":"req-1767671087049-iiuh7losn","timestamp":"2026-01-06T03:44:47.050Z"}
{"client_email":"***","client_name":"Tre Seibert","client_phone":"***","has_business_name":false,"has_start_date":true,"level":"info","message":"Parsed request body","plan_type":"monthly","requestId":"req-1767671087049-iiuh7losn","subscriptionId":"sub-1767671087042-7hh7tk6gy","timestamp":"2026-01-06T03:44:47.051Z"}
{"level":"info","message":"Reading contract template","requestId":"req-1767671087049-iiuh7losn","templatePath":"E:\\FishtownWebDesign\\public\\contract-template.html","timestamp":"2026-01-06T03:44:47.051Z"}
{"duration":"1ms","level":"info","message":"Template read complete","requestId":"req-1767671087049-iiuh7losn","sizeKB":"66.65","timestamp":"2026-01-06T03:44:47.053Z"}
{"level":"info","message":"Starting HTML cleaning","requestId":"req-1767671087049-iiuh7losn","timestamp":"2026-01-06T03:44:47.066Z"}
{"dateFieldCount":3,"duration":"3ms","hasDateField":true,"hasSignatureField":true,"hasTextField":true,"level":"info","message":"HTML cleaning complete","requestId":"req-1767671087049-iiuh7losn","scriptsRemoved":1,"signatureFieldCount":15,"sizeKB":"42.24","textFieldCount":3,"timestamp":"2026-01-06T03:44:47.070Z"}
{"documentsCount":1,"endpoint":"https://api.docuseal.co/submissions/html","level":"info","message":"Calling DocuSeal API","payloadSizeKB":"44.43","requestId":"req-1767671087049-iiuh7losn","submittersCount":2,"timeout":"120s","timestamp":"2026-01-06T03:44:47.070Z"}
{"duration":"723ms","hasData":true,"level":"info","message":"DocuSeal API response received","requestId":"req-1767671087049-iiuh7losn","responseKeys":["id","name","submitters","source","submitters_order","status","schema","fields","expire_at","created_at"],"status":200,"timestamp":"2026-01-06T03:44:47.793Z"}
{"level":"info","message":"Processing DocuSeal response","requestId":"req-1767671087049-iiuh7losn","responseStructure":["id","name","submitters","source","submitters_order","status","schema","fields","expire_at","created_at"],"submissionId":4956037,"submitters":[{"email":"***","hasSlug":true,"hasUrl":false,"role":"First Party","status":"sent"}],"submittersCount":1,"timestamp":"2026-01-06T03:44:47.794Z"}
{"clientSubmitterRole":"First Party","clientSubmitterStatus":"sent","hasSigningUrl":true,"level":"info","message":"Extracted signing information","requestId":"req-1767671087049-iiuh7losn","signingUrl":"***","submissionId":4956037,"timestamp":"2026-01-06T03:44:47.794Z"}
{"client_email":"treseibert3@gmail.com","error":"connect ECONNREFUSED ::1:3306","errorCode":"ECONNREFUSED","level":"warn","message":"Database connection failed (non-blocking for testing)","subscriptionId":"sub-1767671087042-7hh7tk6gy","timestamp":"2026-01-06T03:44:47.796Z"}
{"bodyKeys":["subscriptionId","client_name","client_email","client_phone","business_name","business_address","plan_type","start_date"],"hasClientEmail":true,"hasClientName":true,"hasPlanType":true,"hasSubscriptionId":true,"level":"info","message":"Contract submission request received","requestId":"req-1767672668122-jyb366bai","timestamp":"2026-01-06T04:11:08.122Z"}
{"client_email":"***","client_name":"George Seibert","client_phone":"***","has_business_name":false,"has_start_date":true,"level":"info","message":"Parsed request body","plan_type":"monthly","requestId":"req-1767672668122-jyb366bai","subscriptionId":"sub-1767672668111-2tmuz7h5w","timestamp":"2026-01-06T04:11:08.124Z"}
{"level":"info","message":"Reading contract template","requestId":"req-1767672668122-jyb366bai","templatePath":"E:\\FishtownWebDesign\\public\\contract-template.html","timestamp":"2026-01-06T04:11:08.124Z"}
{"duration":"1ms","level":"info","message":"Template read complete","requestId":"req-1767672668122-jyb366bai","sizeKB":"66.65","timestamp":"2026-01-06T04:11:08.125Z"}
{"level":"info","message":"Starting HTML cleaning","requestId":"req-1767672668122-jyb366bai","timestamp":"2026-01-06T04:11:08.141Z"}
{"dateFieldCount":3,"duration":"3ms","hasDateField":true,"hasSignatureField":true,"hasTextField":true,"level":"info","message":"HTML cleaning complete","requestId":"req-1767672668122-jyb366bai","scriptsRemoved":1,"signatureFieldCount":15,"sizeKB":"42.56","textFieldCount":3,"timestamp":"2026-01-06T04:11:08.143Z"}
{"documentsCount":1,"endpoint":"https://api.docuseal.co/submissions/html","level":"info","message":"Calling DocuSeal API","payloadSizeKB":"44.79","requestId":"req-1767672668122-jyb366bai","submittersCount":2,"timeout":"120s","timestamp":"2026-01-06T04:11:08.143Z"}
{"duration":"784ms","hasData":true,"level":"info","message":"DocuSeal API response received","requestId":"req-1767672668122-jyb366bai","responseKeys":["id","name","submitters","source","submitters_order","status","schema","fields","expire_at","created_at"],"status":200,"timestamp":"2026-01-06T04:11:08.928Z"}
{"level":"info","message":"Processing DocuSeal response","requestId":"req-1767672668122-jyb366bai","responseStructure":["id","name","submitters","source","submitters_order","status","schema","fields","expire_at","created_at"],"submissionId":4956172,"submitters":[{"email":"***","hasSlug":true,"hasUrl":false,"role":"First Party","status":"sent"}],"submittersCount":1,"timestamp":"2026-01-06T04:11:08.929Z"}
{"clientSubmitterRole":"First Party","clientSubmitterStatus":"sent","hasSigningUrl":true,"level":"info","message":"Extracted signing information","requestId":"req-1767672668122-jyb366bai","signingUrl":"***","submissionId":4956172,"timestamp":"2026-01-06T04:11:08.929Z"}
{"client_email":"treseibert3@gmail.com","error":"connect ECONNREFUSED ::1:3306","errorCode":"ECONNREFUSED","level":"warn","message":"Database connection failed (non-blocking for testing)","subscriptionId":"sub-1767672668111-2tmuz7h5w","timestamp":"2026-01-06T04:11:08.931Z"}
{"bodyKeys":["subscriptionId","client_name","client_email","client_phone","business_name","business_address","plan_type","start_date"],"hasClientEmail":true,"hasClientName":true,"hasPlanType":true,"hasSubscriptionId":true,"level":"info","message":"Contract submission request received","requestId":"req-1767673281352-hc4uy1t3q","timestamp":"2026-01-06T04:21:21.352Z"}
{"client_email":"***","client_name":"Tre Seibert","client_phone":"***","has_business_name":true,"has_start_date":true,"level":"info","message":"Parsed request body","plan_type":"monthly","requestId":"req-1767673281352-hc4uy1t3q","subscriptionId":"sub-1767673281344-fqcwn4kkl","timestamp":"2026-01-06T04:21:21.354Z"}
{"level":"info","message":"Reading contract template","requestId":"req-1767673281352-hc4uy1t3q","templatePath":"E:\\FishtownWebDesign\\public\\contract-template.html","timestamp":"2026-01-06T04:21:21.354Z"}
{"duration":"1ms","level":"info","message":"Template read complete","requestId":"req-1767673281352-hc4uy1t3q","sizeKB":"66.65","timestamp":"2026-01-06T04:21:21.355Z"}
{"imageSizeKB":"8.82","level":"info","message":"Company signature image converted to base64","requestId":"req-1767673281352-hc4uy1t3q","timestamp":"2026-01-06T04:21:21.356Z"}
{"level":"info","message":"Starting HTML cleaning","requestId":"req-1767673281352-hc4uy1t3q","timestamp":"2026-01-06T04:21:21.371Z"}
{"dateFieldCount":3,"duration":"3ms","hasDateField":true,"hasSignatureField":true,"hasTextField":true,"level":"info","message":"HTML cleaning complete","requestId":"req-1767673281352-hc4uy1t3q","scriptsRemoved":1,"signatureFieldCount":15,"sizeKB":"54.34","textFieldCount":3,"timestamp":"2026-01-06T04:21:21.374Z"}
{"documentsCount":1,"endpoint":"https://api.docuseal.co/submissions/html","level":"info","message":"Calling DocuSeal API","payloadSizeKB":"56.57","requestId":"req-1767673281352-hc4uy1t3q","submittersCount":2,"timeout":"120s","timestamp":"2026-01-06T04:21:21.374Z"}
{"duration":"688ms","hasData":true,"level":"info","message":"DocuSeal API response received","requestId":"req-1767673281352-hc4uy1t3q","responseKeys":["id","name","submitters","source","submitters_order","status","schema","fields","expire_at","created_at"],"status":200,"timestamp":"2026-01-06T04:21:22.063Z"}
{"level":"info","message":"Processing DocuSeal response","requestId":"req-1767673281352-hc4uy1t3q","responseStructure":["id","name","submitters","source","submitters_order","status","schema","fields","expire_at","created_at"],"submissionId":4956240,"submitters":[{"email":"***","hasSlug":true,"hasUrl":false,"role":"First Party","status":"sent"}],"submittersCount":1,"timestamp":"2026-01-06T04:21:22.063Z"}
{"clientSubmitterRole":"First Party","clientSubmitterStatus":"sent","hasSigningUrl":true,"level":"info","message":"Extracted signing information","requestId":"req-1767673281352-hc4uy1t3q","signingUrl":"***","submissionId":4956240,"timestamp":"2026-01-06T04:21:22.064Z"}
{"client_email":"treseibert3@gmail.com","error":"connect ECONNREFUSED ::1:3306","errorCode":"ECONNREFUSED","level":"warn","message":"Database connection failed (non-blocking for testing)","subscriptionId":"sub-1767673281344-fqcwn4kkl","timestamp":"2026-01-06T04:21:22.065Z"}
{"bodyKeys":["subscriptionId","client_name","client_email","client_phone","business_name","business_address","client_type","plan_type","start_date"],"hasClientEmail":true,"hasClientName":true,"hasPlanType":true,"hasSubscriptionId":true,"level":"info","message":"Contract submission request received","requestId":"req-1767674366182-wzblm0y9q","timestamp":"2026-01-06T04:39:26.182Z"}
{"client_email":"***","client_name":"George A Seibert III","client_phone":"***","has_business_name":true,"has_start_date":true,"level":"info","message":"Parsed request body","plan_type":"yearly","requestId":"req-1767674366182-wzblm0y9q","subscriptionId":"sub-1767674366173-5xghjph9m","timestamp":"2026-01-06T04:39:26.184Z"}
{"level":"info","message":"Reading contract template","requestId":"req-1767674366182-wzblm0y9q","templatePath":"E:\\FishtownWebDesign\\public\\contract-template.html","timestamp":"2026-01-06T04:39:26.184Z"}
{"duration":"1ms","level":"info","message":"Template read complete","requestId":"req-1767674366182-wzblm0y9q","sizeKB":"69.16","timestamp":"2026-01-06T04:39:26.185Z"}
{"imageSizeKB":"8.82","level":"info","message":"Company signature image converted to base64","requestId":"req-1767674366182-wzblm0y9q","timestamp":"2026-01-06T04:39:26.186Z"}
{"level":"info","message":"Starting HTML cleaning","requestId":"req-1767674366182-wzblm0y9q","timestamp":"2026-01-06T04:39:26.201Z"}
{"dateFieldCount":3,"duration":"2ms","hasDateField":true,"hasSignatureField":true,"hasTextField":true,"level":"info","message":"HTML cleaning complete","requestId":"req-1767674366182-wzblm0y9q","scriptsRemoved":1,"signatureFieldCount":15,"sizeKB":"54.57","textFieldCount":3,"timestamp":"2026-01-06T04:39:26.203Z"}
{"documentsCount":1,"endpoint":"https://api.docuseal.co/submissions/html","level":"info","message":"Calling DocuSeal API","payloadSizeKB":"56.84","requestId":"req-1767674366182-wzblm0y9q","submittersCount":2,"timeout":"120s","timestamp":"2026-01-06T04:39:26.204Z"}
{"duration":"1324ms","hasData":true,"level":"info","message":"DocuSeal API response received","requestId":"req-1767674366182-wzblm0y9q","responseKeys":["id","name","submitters","source","submitters_order","status","schema","fields","expire_at","created_at"],"status":200,"timestamp":"2026-01-06T04:39:27.528Z"}
{"level":"info","message":"Processing DocuSeal response","requestId":"req-1767674366182-wzblm0y9q","responseStructure":["id","name","submitters","source","submitters_order","status","schema","fields","expire_at","created_at"],"submissionId":4956336,"submitters":[{"email":"***","hasSlug":true,"hasUrl":false,"role":"First Party","status":"sent"}],"submittersCount":1,"timestamp":"2026-01-06T04:39:27.528Z"}
{"clientSubmitterRole":"First Party","clientSubmitterStatus":"sent","hasSigningUrl":true,"level":"info","message":"Extracted signing information","requestId":"req-1767674366182-wzblm0y9q","signingUrl":"***","submissionId":4956336,"timestamp":"2026-01-06T04:39:27.528Z"}
{"client_email":"treseibert3@gmail.com","error":"connect ECONNREFUSED ::1:3306","errorCode":"ECONNREFUSED","level":"warn","message":"Database connection failed (non-blocking for testing)","subscriptionId":"sub-1767674366173-5xghjph9m","timestamp":"2026-01-06T04:39:27.530Z"}
{"bodyKeys":["subscriptionId","client_name","client_email","client_phone","business_name","business_address","client_type","plan_type","start_date"],"hasClientEmail":true,"hasClientName":true,"hasPlanType":true,"hasSubscriptionId":true,"level":"info","message":"Contract submission request received","requestId":"req-1767674621014-dh5j0bxut","timestamp":"2026-01-06T04:43:41.014Z"}
{"client_email":"***","client_name":"George Seibert","client_phone":"***","has_business_name":false,"has_start_date":true,"level":"info","message":"Parsed request body","plan_type":"yearly","requestId":"req-1767674621014-dh5j0bxut","subscriptionId":"sub-1767674621004-9k1que5xf","timestamp":"2026-01-06T04:43:41.015Z"}
{"level":"info","message":"Reading contract template","requestId":"req-1767674621014-dh5j0bxut","templatePath":"E:\\FishtownWebDesign\\public\\contract-template.html","timestamp":"2026-01-06T04:43:41.016Z"}
{"duration":"1ms","level":"info","message":"Template read complete","requestId":"req-1767674621014-dh5j0bxut","sizeKB":"69.08","timestamp":"2026-01-06T04:43:41.017Z"}
{"imageSizeKB":"8.82","level":"info","message":"Company signature image converted to base64","requestId":"req-1767674621014-dh5j0bxut","timestamp":"2026-01-06T04:43:41.017Z"}
{"level":"info","message":"Starting HTML cleaning","requestId":"req-1767674621014-dh5j0bxut","timestamp":"2026-01-06T04:43:41.031Z"}
{"dateFieldCount":3,"duration":"3ms","hasDateField":true,"hasSignatureField":true,"hasTextField":true,"level":"info","message":"HTML cleaning complete","requestId":"req-1767674621014-dh5j0bxut","scriptsRemoved":1,"signatureFieldCount":15,"sizeKB":"54.52","textFieldCount":3,"timestamp":"2026-01-06T04:43:41.034Z"}
{"documentsCount":1,"endpoint":"https://api.docuseal.co/submissions/html","level":"info","message":"Calling DocuSeal API","payloadSizeKB":"56.75","requestId":"req-1767674621014-dh5j0bxut","submittersCount":2,"timeout":"120s","timestamp":"2026-01-06T04:43:41.034Z"}
{"duration":"1282ms","hasData":true,"level":"info","message":"DocuSeal API response received","requestId":"req-1767674621014-dh5j0bxut","responseKeys":["id","name","submitters","source","submitters_order","status","schema","fields","expire_at","created_at"],"status":200,"timestamp":"2026-01-06T04:43:42.317Z"}
{"level":"info","message":"Processing DocuSeal response","requestId":"req-1767674621014-dh5j0bxut","responseStructure":["id","name","submitters","source","submitters_order","status","schema","fields","expire_at","created_at"],"submissionId":4956367,"submitters":[{"email":"***","hasSlug":true,"hasUrl":false,"role":"First Party","status":"sent"}],"submittersCount":1,"timestamp":"2026-01-06T04:43:42.317Z"}
{"clientSubmitterRole":"First Party","clientSubmitterStatus":"sent","hasSigningUrl":true,"level":"info","message":"Extracted signing information","requestId":"req-1767674621014-dh5j0bxut","signingUrl":"***","submissionId":4956367,"timestamp":"2026-01-06T04:43:42.318Z"}
{"client_email":"treseibert3@gmail.com","error":"connect ECONNREFUSED ::1:3306","errorCode":"ECONNREFUSED","level":"warn","message":"Database connection failed (non-blocking for testing)","subscriptionId":"sub-1767674621004-9k1que5xf","timestamp":"2026-01-06T04:43:42.319Z"}
{"bodyKeys":["subscriptionId","client_name","client_email","client_phone","business_name","business_address","client_type","plan_type","start_date"],"hasClientEmail":true,"hasClientName":true,"hasPlanType":true,"hasSubscriptionId":true,"level":"info","message":"Contract submission request received","requestId":"req-1767674758678-amdrqgn1c","timestamp":"2026-01-06T04:45:58.678Z"}
{"client_email":"***","client_name":"Tre Seibert","client_phone":"***","has_business_name":false,"has_start_date":true,"level":"info","message":"Parsed request body","plan_type":"yearly","requestId":"req-1767674758678-amdrqgn1c","subscriptionId":"sub-1767674758669-dtf5hpott","timestamp":"2026-01-06T04:45:58.679Z"}
{"level":"info","message":"Reading contract template","requestId":"req-1767674758678-amdrqgn1c","templatePath":"E:\\FishtownWebDesign\\public\\contract-template.html","timestamp":"2026-01-06T04:45:58.680Z"}
{"duration":"1ms","level":"info","message":"Template read complete","requestId":"req-1767674758678-amdrqgn1c","sizeKB":"69.16","timestamp":"2026-01-06T04:45:58.681Z"}
{"imageSizeKB":"8.82","level":"info","message":"Company signature image converted to base64","requestId":"req-1767674758678-amdrqgn1c","timestamp":"2026-01-06T04:45:58.682Z"}
{"level":"info","message":"Starting HTML cleaning","requestId":"req-1767674758678-amdrqgn1c","timestamp":"2026-01-06T04:45:58.695Z"}
{"dateFieldCount":3,"duration":"3ms","hasDateField":true,"hasSignatureField":true,"hasTextField":true,"level":"info","message":"HTML cleaning complete","requestId":"req-1767674758678-amdrqgn1c","scriptsRemoved":1,"signatureFieldCount":15,"sizeKB":"54.59","textFieldCount":3,"timestamp":"2026-01-06T04:45:58.698Z"}
{"documentsCount":1,"endpoint":"https://api.docuseal.co/submissions/html","level":"info","message":"Calling DocuSeal API","payloadSizeKB":"56.81","requestId":"req-1767674758678-amdrqgn1c","submittersCount":2,"timeout":"120s","timestamp":"2026-01-06T04:45:58.698Z"}
{"duration":"1337ms","hasData":true,"level":"info","message":"DocuSeal API response received","requestId":"req-1767674758678-amdrqgn1c","responseKeys":["id","name","submitters","source","submitters_order","status","schema","fields","expire_at","created_at"],"status":200,"timestamp":"2026-01-06T04:46:00.035Z"}
{"level":"info","message":"Processing DocuSeal response","requestId":"req-1767674758678-amdrqgn1c","responseStructure":["id","name","submitters","source","submitters_order","status","schema","fields","expire_at","created_at"],"submissionId":4956381,"submitters":[{"email":"***","hasSlug":true,"hasUrl":false,"role":"First Party","status":"sent"}],"submittersCount":1,"timestamp":"2026-01-06T04:46:00.036Z"}
{"clientSubmitterRole":"First Party","clientSubmitterStatus":"sent","hasSigningUrl":true,"level":"info","message":"Extracted signing information","requestId":"req-1767674758678-amdrqgn1c","signingUrl":"***","submissionId":4956381,"timestamp":"2026-01-06T04:46:00.036Z"}
{"client_email":"treseibert3@gmail.com","error":"connect ECONNREFUSED ::1:3306","errorCode":"ECONNREFUSED","level":"warn","message":"Database connection failed (non-blocking for testing)","subscriptionId":"sub-1767674758669-dtf5hpott","timestamp":"2026-01-06T04:46:00.038Z"}
{"bodyKeys":["subscriptionId","client_name","client_email","client_phone","business_name","business_address","client_type","plan_type","start_date"],"hasClientEmail":true,"hasClientName":true,"hasPlanType":true,"hasSubscriptionId":true,"level":"info","message":"Contract submission request received","requestId":"req-1767674991878-kerpvsjsg","timestamp":"2026-01-06T04:49:51.879Z"}
{"client_email":"***","client_name":"Tre Seibert","client_phone":"***","has_business_name":false,"has_start_date":true,"level":"info","message":"Parsed request body","plan_type":"yearly","requestId":"req-1767674991878-kerpvsjsg","subscriptionId":"sub-1767674991870-4bfjvvww8","timestamp":"2026-01-06T04:49:51.880Z"}
{"level":"info","message":"Reading contract template","requestId":"req-1767674991878-kerpvsjsg","templatePath":"E:\\FishtownWebDesign\\public\\contract-template.html","timestamp":"2026-01-06T04:49:51.880Z"}
{"duration":"1ms","level":"info","message":"Template read complete","requestId":"req-1767674991878-kerpvsjsg","sizeKB":"69.16","timestamp":"2026-01-06T04:49:51.881Z"}
{"imageSizeKB":"8.82","level":"info","message":"Company signature image converted to base64","requestId":"req-1767674991878-kerpvsjsg","timestamp":"2026-01-06T04:49:51.882Z"}
{"level":"info","message":"Service fee calculated","normalizedPlanType":"yearly","plan_type":"yearly","requestId":"req-1767674991878-kerpvsjsg","serviceFee":"$1,499.00 per year, payable in advance, subject to the terms of Section 2.5 herein.","timestamp":"2026-01-06T04:49:51.896Z"}
{"level":"info","message":"Service fee input value replaced","originalMatch":"<input type=\"text\" class=\"cover-input\" id=\"service-fee-display\" name=\"service_fee\" value=\"Select a p","replaced":"<input type=\"text\" class=\"cover-input\" id=\"service-fee-display\" name=\"service_fee\" value=\"$1,499.00 ","requestId":"req-1767674991878-kerpvsjsg","serviceFee":"$1,499.00 per year, payable in advance, subject to the terms of Section 2.5 herein.","timestamp":"2026-01-06T04:49:51.899Z"}
{"level":"info","message":"Starting HTML cleaning","requestId":"req-1767674991878-kerpvsjsg","timestamp":"2026-01-06T04:49:51.900Z"}
{"dateFieldCount":3,"duration":"3ms","hasDateField":true,"hasSignatureField":true,"hasTextField":true,"level":"info","message":"HTML cleaning complete","requestId":"req-1767674991878-kerpvsjsg","scriptsRemoved":1,"signatureFieldCount":15,"sizeKB":"54.50","textFieldCount":3,"timestamp":"2026-01-06T04:49:51.903Z"}
{"documentsCount":1,"endpoint":"https://api.docuseal.co/submissions/html","level":"info","message":"Calling DocuSeal API","payloadSizeKB":"56.72","requestId":"req-1767674991878-kerpvsjsg","submittersCount":2,"timeout":"120s","timestamp":"2026-01-06T04:49:51.903Z"}
{"duration":"1348ms","hasData":true,"level":"info","message":"DocuSeal API response received","requestId":"req-1767674991878-kerpvsjsg","responseKeys":["id","name","submitters","source","submitters_order","status","schema","fields","expire_at","created_at"],"status":200,"timestamp":"2026-01-06T04:49:53.252Z"}
{"level":"info","message":"Processing DocuSeal response","requestId":"req-1767674991878-kerpvsjsg","responseStructure":["id","name","submitters","source","submitters_order","status","schema","fields","expire_at","created_at"],"submissionId":4956411,"submitters":[{"email":"***","hasSlug":true,"hasUrl":false,"role":"First Party","status":"sent"}],"submittersCount":1,"timestamp":"2026-01-06T04:49:53.252Z"}
{"clientSubmitterRole":"First Party","clientSubmitterStatus":"sent","hasSigningUrl":true,"level":"info","message":"Extracted signing information","requestId":"req-1767674991878-kerpvsjsg","signingUrl":"***","submissionId":4956411,"timestamp":"2026-01-06T04:49:53.252Z"}
{"client_email":"treseibert3@gmail.com","error":"connect ECONNREFUSED ::1:3306","errorCode":"ECONNREFUSED","level":"warn","message":"Database connection failed (non-blocking for testing)","subscriptionId":"sub-1767674991870-4bfjvvww8","timestamp":"2026-01-06T04:49:53.254Z"}
{"bodyKeys":["subscriptionId","client_name","client_email","client_phone","business_name","business_address","client_type","plan_type","start_date"],"hasClientEmail":true,"hasClientName":true,"hasPlanType":true,"hasSubscriptionId":true,"level":"info","message":"Contract submission request received","requestId":"req-1768617640193-ell55k7eo","timestamp":"2026-01-17T02:40:40.197Z"}
{"client_email":"***","client_name":"Doug Ressler","client_phone":"***","has_business_name":true,"has_start_date":true,"level":"info","message":"Parsed request body","plan_type":"yearly","requestId":"req-1768617640193-ell55k7eo","subscriptionId":"sub-1768617639660-ui4ps4ubs","timestamp":"2026-01-17T02:40:40.203Z"}
{"level":"info","message":"Reading contract template","requestId":"req-1768617640193-ell55k7eo","templatePath":"/Volumes/E Fishtown Web Design/FishtownWebDesign/public/contract-template.html","timestamp":"2026-01-17T02:40:40.204Z"}
{"duration":"70ms","level":"info","message":"Template read complete","requestId":"req-1768617640193-ell55k7eo","sizeKB":"69.16","timestamp":"2026-01-17T02:40:40.275Z"}
{"imageSizeKB":"8.82","level":"info","message":"Company signature image converted to base64","requestId":"req-1768617640193-ell55k7eo","timestamp":"2026-01-17T02:40:40.296Z"}
{"level":"info","message":"Service fee calculated","normalizedPlanType":"yearly","plan_type":"yearly","requestId":"req-1768617640193-ell55k7eo","serviceFee":"$1,499.00 per year, payable in advance, subject to the terms of Section 2.5 herein.","timestamp":"2026-01-17T02:40:40.425Z"}
{"level":"info","message":"Service fee input value replaced","originalMatch":"<input type=\"text\" class=\"cover-input\" id=\"service-fee-display\" name=\"service_fee\" value=\"Select a p","replaced":"<input type=\"text\" class=\"cover-input\" id=\"service-fee-display\" name=\"service_fee\" value=\"$1,499.00 ","requestId":"req-1768617640193-ell55k7eo","serviceFee":"$1,499.00 per year, payable in advance, subject to the terms of Section 2.5 herein.","timestamp":"2026-01-17T02:40:40.443Z"}
{"level":"info","message":"Starting HTML cleaning","requestId":"req-1768617640193-ell55k7eo","timestamp":"2026-01-17T02:40:40.447Z"}
{"dateFieldCount":3,"duration":"13ms","hasDateField":true,"hasSignatureField":true,"hasTextField":true,"level":"info","message":"HTML cleaning complete","requestId":"req-1768617640193-ell55k7eo","scriptsRemoved":1,"signatureFieldCount":15,"sizeKB":"54.54","textFieldCount":3,"timestamp":"2026-01-17T02:40:40.460Z"}
{"documentsCount":1,"endpoint":"https://api.docuseal.co/submissions/html","level":"info","message":"Calling DocuSeal API","payloadSizeKB":"56.77","requestId":"req-1768617640193-ell55k7eo","submittersCount":2,"timeout":"120s","timestamp":"2026-01-17T02:40:40.462Z"}
{"duration":"1442ms","hasData":true,"level":"info","message":"DocuSeal API response received","requestId":"req-1768617640193-ell55k7eo","responseKeys":["id","name","submitters","source","submitters_order","status","schema","fields","expire_at","created_at"],"status":200,"timestamp":"2026-01-17T02:40:41.905Z"}
{"level":"info","message":"Processing DocuSeal response","requestId":"req-1768617640193-ell55k7eo","responseStructure":["id","name","submitters","source","submitters_order","status","schema","fields","expire_at","created_at"],"submissionId":5175033,"submitters":[{"email":"***","hasSlug":true,"hasUrl":false,"role":"First Party","status":"sent"}],"submittersCount":1,"timestamp":"2026-01-17T02:40:41.906Z"}
{"clientSubmitterRole":"First Party","clientSubmitterStatus":"sent","hasSigningUrl":true,"level":"info","message":"Extracted signing information","requestId":"req-1768617640193-ell55k7eo","signingUrl":"***","submissionId":5175033,"timestamp":"2026-01-17T02:40:41.907Z"}
{"client_email":"treseibert3@gmail.com","error":"connect ECONNREFUSED ::1:3306","errorCode":"ECONNREFUSED","level":"warn","message":"Database connection failed (non-blocking for testing)","subscriptionId":"sub-1768617639660-ui4ps4ubs","timestamp":"2026-01-17T02:40:41.911Z"}
{"bodyKeys":["subscriptionId","client_name","client_email","client_phone","business_name","business_address","client_type","plan_type","start_date"],"hasClientEmail":true,"hasClientName":true,"hasPlanType":true,"hasSubscriptionId":true,"level":"info","message":"Contract submission request received","requestId":"req-1768618567625-6uroxs9fi","timestamp":"2026-01-17T02:56:07.626Z"}
{"client_email":"***","client_name":"Cecily Snyder","client_phone":"***","has_business_name":false,"has_start_date":true,"level":"info","message":"Parsed request body","plan_type":"monthly","requestId":"req-1768618567625-6uroxs9fi","subscriptionId":"sub-1768618567293-jqyza3lya","timestamp":"2026-01-17T02:56:07.629Z"}
{"level":"info","message":"Reading contract template","requestId":"req-1768618567625-6uroxs9fi","templatePath":"/Volumes/E Fishtown Web Design/FishtownWebDesign/public/contract-template.html","timestamp":"2026-01-17T02:56:07.629Z"}
{"duration":"15ms","level":"info","message":"Template read complete","requestId":"req-1768618567625-6uroxs9fi","sizeKB":"69.16","timestamp":"2026-01-17T02:56:07.646Z"}
{"imageSizeKB":"8.82","level":"info","message":"Company signature image converted to base64","requestId":"req-1768618567625-6uroxs9fi","timestamp":"2026-01-17T02:56:07.659Z"}
{"level":"info","message":"Service fee calculated","normalizedPlanType":"monthly","plan_type":"monthly","requestId":"req-1768618567625-6uroxs9fi","serviceFee":"$150.00 per month, payable in advance, subject to the terms of Section 2.5 herein.","timestamp":"2026-01-17T02:56:07.701Z"}
{"level":"info","message":"Service fee input value replaced","originalMatch":"<input type=\"text\" class=\"cover-input\" id=\"service-fee-display\" name=\"service_fee\" value=\"Select a p","replaced":"<input type=\"text\" class=\"cover-input\" id=\"service-fee-display\" name=\"service_fee\" value=\"$150.00 pe","requestId":"req-1768618567625-6uroxs9fi","serviceFee":"$150.00 per month, payable in advance, subject to the terms of Section 2.5 herein.","timestamp":"2026-01-17T02:56:07.711Z"}
{"level":"info","message":"Starting HTML cleaning","requestId":"req-1768618567625-6uroxs9fi","timestamp":"2026-01-17T02:56:07.717Z"}
{"dateFieldCount":3,"duration":"10ms","hasDateField":true,"hasSignatureField":true,"hasTextField":true,"level":"info","message":"HTML cleaning complete","requestId":"req-1768618567625-6uroxs9fi","scriptsRemoved":1,"signatureFieldCount":15,"sizeKB":"54.50","textFieldCount":3,"timestamp":"2026-01-17T02:56:07.728Z"}
{"documentsCount":1,"endpoint":"https://api.docuseal.co/submissions/html","level":"info","message":"Calling DocuSeal API","payloadSizeKB":"56.72","requestId":"req-1768618567625-6uroxs9fi","submittersCount":2,"timeout":"120s","timestamp":"2026-01-17T02:56:07.731Z"}
{"duration":"1511ms","hasData":true,"level":"info","message":"DocuSeal API response received","requestId":"req-1768618567625-6uroxs9fi","responseKeys":["id","name","submitters","source","submitters_order","status","schema","fields","expire_at","created_at"],"status":200,"timestamp":"2026-01-17T02:56:09.242Z"}
{"level":"info","message":"Processing DocuSeal response","requestId":"req-1768618567625-6uroxs9fi","responseStructure":["id","name","submitters","source","submitters_order","status","schema","fields","expire_at","created_at"],"submissionId":5175111,"submitters":[{"email":"***","hasSlug":true,"hasUrl":false,"role":"First Party","status":"sent"}],"submittersCount":1,"timestamp":"2026-01-17T02:56:09.243Z"}
{"clientSubmitterRole":"First Party","clientSubmitterStatus":"sent","hasSigningUrl":true,"level":"info","message":"Extracted signing information","requestId":"req-1768618567625-6uroxs9fi","signingUrl":"***","submissionId":5175111,"timestamp":"2026-01-17T02:56:09.243Z"}
{"client_email":"treseibert3@gmail.com","error":"connect ECONNREFUSED ::1:3306","errorCode":"ECONNREFUSED","level":"warn","message":"Database connection failed (non-blocking for testing)","subscriptionId":"sub-1768618567293-jqyza3lya","timestamp":"2026-01-17T02:56:09.246Z"}
